<?xml version="1.0" encoding="UTF-8"?>
<!-- Generated by org.testng.reporters.JUnitReportReporter -->
<testsuite hostname="LAPTOP-VO9NQ3U8" failures="0" tests="5" name="com.sadik.dependencyTests.TestGroupDependency" time="0.011" errors="0" timestamp="2023-08-15T11:04:56 IST" skipped="0">
  <testcase classname="com.sadik.dependencyTests.TestGroupDependency" name="test3" time="0.001"/>
  <testcase classname="com.sadik.dependencyTests.TestGroupDependency" name="test0" time="0.000"/>
  <testcase classname="com.sadik.dependencyTests.TestGroupDependency" name="test1" time="0.007"/>
  <testcase classname="com.sadik.dependencyTests.TestGroupDependency" name="test4" time="0.001"/>
  <testcase classname="com.sadik.dependencyTests.TestGroupDependency" name="test2" time="0.002"/>
</testsuite> <!-- com.sadik.dependencyTests.TestGroupDependency -->
