<?xml version="1.0" encoding="UTF-8"?>
<!-- Generated by org.testng.reporters.JUnitReportReporter -->
<testsuite hostname="LAPTOP-VO9NQ3U8" failures="0" tests="6" name="com.sadik.demoTests.NewTest" time="0.028" errors="0" timestamp="2023-08-10T15:04:09 IST" skipped="1">
  <testcase classname="com.sadik.demoTests.NewTest" name="Test2" time="0.009"/>
  <testcase classname="com.sadik.demoTests.NewTest" name="Test3" time="0.006"/>
  <testcase classname="com.sadik.demoTests.NewTest" name="Test5" time="0.003"/>
  <testcase classname="com.sadik.demoTests.NewTest" name="Test4" time="0.006"/>
  <testcase classname="com.sadik.demoTests.NewTest" name="Test6" time="0.004"/>
  <testcase classname="com.sadik.demoTests.NewTest" name="Test1">
    <skipped/>
  </testcase> <!-- Test1 -->
</testsuite> <!-- com.sadik.demoTests.NewTest -->
