<?xml version="1.0" encoding="UTF-8"?>
<!-- Generated by org.testng.reporters.JUnitReportReporter -->
<testsuite hostname="LAPTOP-VO9NQ3U8" failures="0" tests="5" name="com.sadik.Tests.TestGroupDependency" time="0.020" errors="0" timestamp="2023-08-15T10:41:35 IST" skipped="0">
  <testcase classname="com.sadik.Tests.TestGroupDependency" name="test1" time="0.003"/>
  <testcase classname="com.sadik.Tests.TestGroupDependency" name="test6" time="0.002"/>
  <testcase classname="com.sadik.Tests.TestGroupDependency" name="test5" time="0.002"/>
  <testcase classname="com.sadik.Tests.TestGroupDependency" name="test2" time="0.003"/>
  <testcase classname="com.sadik.Tests.TestGroupDependency" name="test0" time="0.010"/>
</testsuite> <!-- com.sadik.Tests.TestGroupDependency -->
