<?xml version="1.0" encoding="UTF-8"?>
<!-- Generated by org.testng.reporters.JUnitReportReporter -->
<testsuite hostname="LAPTOP-VO9NQ3U8" failures="0" tests="7" name="com.sadik.Tests.MovieBookingTest" time="0.032" errors="0" timestamp="2023-08-09T20:12:17 IST" skipped="0">
  <testcase classname="com.sadik.Tests.MovieBookingTest" name="Logout" time="0.009"/>
  <testcase classname="com.sadik.Tests.MovieBookingTest" name="SaveTickets" time="0.005"/>
  <testcase classname="com.sadik.Tests.MovieBookingTest" name="BookTickets" time="0.004"/>
  <testcase classname="com.sadik.Tests.MovieBookingTest" name="SelectTheSeat" time="0.003"/>
  <testcase classname="com.sadik.Tests.MovieBookingTest" name="SearchForTheMovie" time="0.003"/>
  <testcase classname="com.sadik.Tests.MovieBookingTest" name="Login" time="0.002"/>
  <testcase classname="com.sadik.Tests.MovieBookingTest" name="Signup" time="0.006"/>
</testsuite> <!-- com.sadik.Tests.MovieBookingTest -->
