<?xml version="1.0" encoding="UTF-8"?>
<!-- Generated by org.testng.reporters.JUnitReportReporter -->
<testsuite hostname="LAPTOP-VO9NQ3U8" failures="0" tests="5" name="com.sadik.parallelTest.TestClass2" time="0.021" errors="0" timestamp="2023-08-26T10:01:19 IST" skipped="0">
  <testcase classname="com.sadik.parallelTest.TestClass2" name="testmethod9" time="0.007"/>
  <testcase classname="com.sadik.parallelTest.TestClass2" name="testmethod8" time="0.004"/>
  <testcase classname="com.sadik.parallelTest.TestClass2" name="testmethod10" time="0.002"/>
  <testcase classname="com.sadik.parallelTest.TestClass2" name="testmethod6" time="0.002"/>
  <testcase classname="com.sadik.parallelTest.TestClass2" name="testmethod7" time="0.006"/>
</testsuite> <!-- com.sadik.parallelTest.TestClass2 -->
