<?xml version="1.0" encoding="UTF-8"?>
<!-- Generated by org.testng.reporters.JUnitReportReporter -->
<testsuite hostname="LAPTOP-VO9NQ3U8" failures="0" tests="1" name="TestClass" time="0.044" errors="0" timestamp="2023-07-31T20:14:47 IST" skipped="0">
  <testcase classname="TestClass" name="foo" time="0.044"/>
</testsuite> <!-- TestClass -->
