<?xml version="1.0" encoding="UTF-8"?>
<!-- Generated by org.testng.reporters.JUnitReportReporter -->
<testsuite hostname="LAPTOP-VO9NQ3U8" failures="0" tests="1" name="com.sadik.Tests.TestAttributes" time="5.366" errors="0" timestamp="2023-08-25T18:27:37 IST" skipped="0">
  <testcase classname="com.sadik.Tests.TestAttributes" name="testmethod" time="5.366"/>
</testsuite> <!-- com.sadik.Tests.TestAttributes -->
