<?xml version="1.0" encoding="UTF-8"?>
<!-- Generated by org.testng.reporters.JUnitReportReporter -->
<testsuite hostname="LAPTOP-VO9NQ3U8" failures="0" tests="6" name="com.sadik.demoTests.NewTest2" time="0.013" errors="0" timestamp="2023-08-10T15:04:09 IST" skipped="2">
  <testcase classname="com.sadik.demoTests.NewTest2" name="Test9" time="0.002"/>
  <testcase classname="com.sadik.demoTests.NewTest2" name="Test10" time="0.004"/>
  <testcase classname="com.sadik.demoTests.NewTest2" name="Test8" time="0.002"/>
  <testcase classname="com.sadik.demoTests.NewTest2" name="Test7" time="0.005"/>
  <testcase classname="com.sadik.demoTests.NewTest2" name="Test12">
    <skipped/>
  </testcase> <!-- Test12 -->
  <testcase classname="com.sadik.demoTests.NewTest2" name="Test11">
    <skipped/>
  </testcase> <!-- Test11 -->
</testsuite> <!-- com.sadik.demoTests.NewTest2 -->
