<?xml version="1.0" encoding="UTF-8"?>
<!-- Generated by org.testng.reporters.JUnitReportReporter -->
<testsuite hostname="LAPTOP-VO9NQ3U8" failures="0" tests="5" name="com.sadik.dataproviderTests.BasicTest7" time="44.935" errors="0" timestamp="2023-08-22T18:38:26 IST" skipped="0">
  <testcase classname="com.sadik.dataproviderTests.BasicTest7" name="TestLogin" time="7.886"/>
  <testcase classname="com.sadik.dataproviderTests.BasicTest7" name="TestLogin" time="7.936"/>
  <testcase classname="com.sadik.dataproviderTests.BasicTest7" name="TestLogin" time="7.991"/>
  <testcase classname="com.sadik.dataproviderTests.BasicTest7" name="TestLogin" time="12.932"/>
  <testcase classname="com.sadik.dataproviderTests.BasicTest7" name="TestLogin" time="8.190"/>
</testsuite> <!-- com.sadik.dataproviderTests.BasicTest7 -->
