<?xml version="1.0" encoding="UTF-8"?>
<!-- Generated by org.testng.reporters.JUnitReportReporter -->
<testsuite hostname="LAPTOP-VO9NQ3U8" failures="0" tests="5" name="com.sadik.parallelTest.TestClass1" time="0.020" errors="0" timestamp="2023-08-26T10:01:19 IST" skipped="0">
  <testcase classname="com.sadik.parallelTest.TestClass1" name="testmethod5" time="0.001"/>
  <testcase classname="com.sadik.parallelTest.TestClass1" name="testmethod3" time="0.002"/>
  <testcase classname="com.sadik.parallelTest.TestClass1" name="testmethod4" time="0.001"/>
  <testcase classname="com.sadik.parallelTest.TestClass1" name="testmethod2" time="0.008"/>
  <testcase classname="com.sadik.parallelTest.TestClass1" name="testmethod1" time="0.008"/>
</testsuite> <!-- com.sadik.parallelTest.TestClass1 -->
