<?xml version="1.0" encoding="UTF-8"?>
<!-- Generated by org.testng.reporters.JUnitReportReporter -->
<testsuite hostname="LAPTOP-VO9NQ3U8" failures="0" tests="3" name="com.sadik.dataproviderTests.BasicTest2" time="0.010" errors="0" timestamp="2023-08-18T10:11:46 IST" skipped="0">
  <testcase classname="com.sadik.dataproviderTests.BasicTest2" name="TestLogin" time="0.006"/>
  <testcase classname="com.sadik.dataproviderTests.BasicTest2" name="TestLogin" time="0.002"/>
  <testcase classname="com.sadik.dataproviderTests.BasicTest2" name="TestLogin" time="0.002"/>
</testsuite> <!-- com.sadik.dataproviderTests.BasicTest2 -->
