<?xml version="1.0" encoding="UTF-8"?>
<!-- Generated by org.testng.reporters.JUnitReportReporter -->
<testsuite hostname="LAPTOP-VO9NQ3U8" failures="0" tests="2" name="com.sadik.dataproviderTests.BasicTest3" time="0.009" errors="0" timestamp="2023-08-18T16:49:49 IST" skipped="0">
  <testcase classname="com.sadik.dataproviderTests.BasicTest3" name="TestLogin" time="0.002"/>
  <testcase classname="com.sadik.dataproviderTests.BasicTest3" name="TestLogin" time="0.007"/>
</testsuite> <!-- com.sadik.dataproviderTests.BasicTest3 -->
