<?xml version="1.0" encoding="UTF-8"?>
<!-- Generated by org.testng.reporters.JUnitReportReporter -->
<testsuite hostname="LAPTOP-VO9NQ3U8" failures="0" tests="6" name="com.sadik.parallelTest.TestClass5" time="0.013" errors="0" timestamp="2023-08-24T19:39:03 IST" skipped="0">
  <testcase classname="com.sadik.parallelTest.TestClass5" name="testmethod11" time="0.003"/>
  <testcase classname="com.sadik.parallelTest.TestClass5" name="testmethod14" time="0.001"/>
  <testcase classname="com.sadik.parallelTest.TestClass5" name="testmethod16" time="0.002"/>
  <testcase classname="com.sadik.parallelTest.TestClass5" name="testmethod13" time="0.001"/>
  <testcase classname="com.sadik.parallelTest.TestClass5" name="testmethod12" time="0.002"/>
  <testcase classname="com.sadik.parallelTest.TestClass5" name="testmethod15" time="0.004"/>
</testsuite> <!-- com.sadik.parallelTest.TestClass5 -->
