<?xml version="1.0" encoding="UTF-8"?>
<!-- Generated by org.testng.reporters.JUnitReportReporter -->
<testsuite hostname="LAPTOP-VO9NQ3U8" failures="0" tests="9" name="com.sadik.groupTests.NewTest" time="0.012" errors="0" timestamp="2023-08-15T12:57:45 IST" skipped="0">
  <testcase classname="com.sadik.groupTests.NewTest" name="Test4" time="0.001"/>
  <testcase classname="com.sadik.groupTests.NewTest" name="Test6" time="0.002"/>
  <testcase classname="com.sadik.groupTests.NewTest" name="Test5" time="0.000"/>
  <testcase classname="com.sadik.groupTests.NewTest" name="Test8" time="0.001"/>
  <testcase classname="com.sadik.groupTests.NewTest" name="Test3" time="0.001"/>
  <testcase classname="com.sadik.groupTests.NewTest" name="Test9" time="0.002"/>
  <testcase classname="com.sadik.groupTests.NewTest" name="Test7" time="0.002"/>
  <testcase classname="com.sadik.groupTests.NewTest" name="Test2" time="0.002"/>
  <testcase classname="com.sadik.groupTests.NewTest" name="Test1" time="0.001"/>
</testsuite> <!-- com.sadik.groupTests.NewTest -->
