<?xml version="1.0" encoding="UTF-8"?>
<!-- Generated by org.testng.reporters.JUnitReportReporter -->
<testsuite hostname="LAPTOP-VO9NQ3U8" failures="0" tests="9" name="com.sadik.groupTests.NewTest2" time="0.023" errors="0" timestamp="2023-08-15T12:57:45 IST" skipped="0">
  <testcase classname="com.sadik.groupTests.NewTest2" name="Test14" time="0.001"/>
  <testcase classname="com.sadik.groupTests.NewTest2" name="Test12" time="0.002"/>
  <testcase classname="com.sadik.groupTests.NewTest2" name="Test16" time="0.005"/>
  <testcase classname="com.sadik.groupTests.NewTest2" name="Test11" time="0.002"/>
  <testcase classname="com.sadik.groupTests.NewTest2" name="Test15" time="0.001"/>
  <testcase classname="com.sadik.groupTests.NewTest2" name="Test13" time="0.001"/>
  <testcase classname="com.sadik.groupTests.NewTest2" name="Test18" time="0.002"/>
  <testcase classname="com.sadik.groupTests.NewTest2" name="Test17" time="0.001"/>
  <testcase classname="com.sadik.groupTests.NewTest2" name="Test10" time="0.008"/>
</testsuite> <!-- com.sadik.groupTests.NewTest2 -->
